CRITICAL - 2024-01-14 18:01:33 --> Array to string conversion
#0 /homepages/36/d117019790/htdocs/mdarc-dev/app/Views/members/pers_data_view.php(9): CodeIgniter\Debug\Exceptions->errorHandler()
#1 /homepages/36/d117019790/htdocs/mdarc-dev/system/View/View.php(214): include('/homepages/36/d...')
#2 /homepages/36/d117019790/htdocs/mdarc-dev/system/View/View.php(217): CodeIgniter\View\View->CodeIgniter\View\{closure}()
#3 /homepages/36/d117019790/htdocs/mdarc-dev/system/Common.php(1097): CodeIgniter\View\View->render()
#4 /homepages/36/d117019790/htdocs/mdarc-dev/app/Controllers/Member.php(432): view()
#5 /homepages/36/d117019790/htdocs/mdarc-dev/system/CodeIgniter.php(824): App\Controllers\Member->add_fam_mem()
#6 /homepages/36/d117019790/htdocs/mdarc-dev/system/CodeIgniter.php(410): CodeIgniter\CodeIgniter->runController()
#7 /homepages/36/d117019790/htdocs/mdarc-dev/system/CodeIgniter.php(318): CodeIgniter\CodeIgniter->handleRequest()
#8 /homepages/36/d117019790/htdocs/mdarc-dev/public/index.php(37): CodeIgniter\CodeIgniter->run()
#9 {main}
CRITICAL - 2024-01-14 18:02:43 --> Array to string conversion
#0 /homepages/36/d117019790/htdocs/mdarc-dev/app/Views/members/pers_data_view.php(9): CodeIgniter\Debug\Exceptions->errorHandler()
#1 /homepages/36/d117019790/htdocs/mdarc-dev/system/View/View.php(214): include('/homepages/36/d...')
#2 /homepages/36/d117019790/htdocs/mdarc-dev/system/View/View.php(217): CodeIgniter\View\View->CodeIgniter\View\{closure}()
#3 /homepages/36/d117019790/htdocs/mdarc-dev/system/Common.php(1097): CodeIgniter\View\View->render()
#4 /homepages/36/d117019790/htdocs/mdarc-dev/app/Controllers/Member.php(432): view()
#5 /homepages/36/d117019790/htdocs/mdarc-dev/system/CodeIgniter.php(824): App\Controllers\Member->add_fam_mem()
#6 /homepages/36/d117019790/htdocs/mdarc-dev/system/CodeIgniter.php(410): CodeIgniter\CodeIgniter->runController()
#7 /homepages/36/d117019790/htdocs/mdarc-dev/system/CodeIgniter.php(318): CodeIgniter\CodeIgniter->handleRequest()
#8 /homepages/36/d117019790/htdocs/mdarc-dev/public/index.php(37): CodeIgniter\CodeIgniter->run()
#9 {main}
